Determining if the pthread_create exist failed with the following output:
Change Dir: /home/jiangwei2/catkin_ws_SLAM/build_isolated/cartographer_rviz/CMakeFiles/CMakeTmp

Run Build Command:"/usr/bin/ninja" "cmTC_27178"
[1/2] Building C object CMakeFiles/cmTC_27178.dir/CheckSymbolExists.c.o
[2/2] Linking C executable cmTC_27178
FAILED: cmTC_27178 
: && /usr/bin/cc   -rdynamic CMakeFiles/cmTC_27178.dir/CheckSymbolExists.c.o  -o cmTC_27178   && :
CMakeFiles/cmTC_27178.dir/CheckSymbolExists.c.o: In function `main':
CheckSymbolExists.c:(.text+0x14): undefined reference to `pthread_create'
CheckSymbolExists.c:(.text+0x18): undefined reference to `pthread_create'
collect2: error: ld returned 1 exit status
ninja: build stopped: subcommand failed.

File /home/jiangwei2/catkin_ws_SLAM/build_isolated/cartographer_rviz/CMakeFiles/CMakeTmp/CheckSymbolExists.c:
/* */
#include <pthread.h>

int main(int argc, char** argv)
{
  (void)argv;
#ifndef pthread_create
  return ((int*)(&pthread_create))[argc];
#else
  (void)argc;
  return 0;
#endif
}

Determining if the function pthread_create exists in the pthreads failed with the following output:
Change Dir: /home/jiangwei2/catkin_ws_SLAM/build_isolated/cartographer_rviz/CMakeFiles/CMakeTmp

Run Build Command:"/usr/bin/ninja" "cmTC_f7bfb"
[1/2] Building C object CMakeFiles/cmTC_f7bfb.dir/CheckFunctionExists.c.o
[2/2] Linking C executable cmTC_f7bfb
FAILED: cmTC_f7bfb 
: && /usr/bin/cc -DCHECK_FUNCTION_EXISTS=pthread_create  -rdynamic CMakeFiles/cmTC_f7bfb.dir/CheckFunctionExists.c.o  -o cmTC_f7bfb  -lpthreads && :
/usr/bin/ld: cannot find -lpthreads
collect2: error: ld returned 1 exit status
ninja: build stopped: subcommand failed.


